# JRE version: OpenJDK Runtime Environment (8.0_212-b03) (build 1.8.0_212-8u212-b03-0ubuntu1.16.04.1-b03)
# Java VM: OpenJDK 64-Bit Server VM (25.212-b03 mixed mode linux-amd64 compressed oops)
Heap:
 PSYoungGen      total 1150976K, used 532576K [0x000000076d100000, 0x00000007c0000000, 0x00000007c0000000)
  eden space 943104K, 34% used [0x000000076d100000,0x0000000780e1a988,0x00000007a6a00000)
  from space 207872K, 99% used [0x00000007a6a00000,0x00000007b34fe920,0x00000007b3500000)
  to   space 207872K, 0% used [0x00000007b3500000,0x00000007b3500000,0x00000007c0000000)
 ParOldGen       total 1533952K, used 1130251K [0x00000006c7200000, 0x0000000724c00000, 0x000000076d100000)
  object space 1533952K, 73% used [0x00000006c7200000,0x000000070c1c2d70,0x0000000724c00000)
 Metaspace       used 390520K, capacity 424501K, committed 431232K, reserved 1443840K
  class space    used 25679K, capacity 30510K, committed 36736K, reserved 1048576K
GC Heap History (10 events):
Event: 3788,162 GC heap before
{Heap before GC invocations=159 (full 8):
 PSYoungGen      total 1150464K, used 1038361K [0x000000076d100000, 0x00000007bea80000, 0x00000007c0000000)
  eden space 991744K, 100% used [0x000000076d100000,0x00000007a9980000,0x00000007a9980000)
  from space 158720K, 29% used [0x00000007b4f80000,0x00000007b7d066f0,0x00000007bea80000)
  to   space 172544K, 0% used [0x00000007a9980000,0x00000007a9980000,0x00000007b4200000)
 ParOldGen       total 1533952K, used 1076693K [0x00000006c7200000, 0x0000000724c00000, 0x000000076d100000)
  object space 1533952K, 70% used [0x00000006c7200000,0x0000000708d754e8,0x0000000724c00000)
 Metaspace       used 375624K, capacity 407311K, committed 415232K, reserved 1427456K
  class space    used 25194K, capacity 29893K, committed 36608K, reserved 1048576K
Event: 3788,258 GC heap after
Heap after GC invocations=159 (full 8):
 PSYoungGen      total 1164288K, used 69747K [0x000000076d100000, 0x00000007bfa80000, 0x00000007c0000000)
  eden space 991744K, 0% used [0x000000076d100000,0x000000076d100000,0x00000007a9980000)
  from space 172544K, 40% used [0x00000007a9980000,0x00000007add9cd90,0x00000007b4200000)
  to   space 162816K, 0% used [0x00000007b5b80000,0x00000007b5b80000,0x00000007bfa80000)
 ParOldGen       total 1533952K, used 1076693K [0x00000006c7200000, 0x0000000724c00000, 0x000000076d100000)
  object space 1533952K, 70% used [0x00000006c7200000,0x0000000708d754e8,0x0000000724c00000)
 Metaspace       used 375624K, capacity 407311K, committed 415232K, reserved 1427456K
  class space    used 25194K, capacity 29893K, committed 36608K, reserved 1048576K
}
Event: 3791,944 GC heap before
{Heap before GC invocations=160 (full 8):
 PSYoungGen      total 1164288K, used 1061491K [0x000000076d100000, 0x00000007bfa80000, 0x00000007c0000000)
  eden space 991744K, 100% used [0x000000076d100000,0x00000007a9980000,0x00000007a9980000)
  from space 172544K, 40% used [0x00000007a9980000,0x00000007add9cd90,0x00000007b4200000)
  to   space 162816K, 0% used [0x00000007b5b80000,0x00000007b5b80000,0x00000007bfa80000)
 ParOldGen       total 1533952K, used 1076693K [0x00000006c7200000, 0x0000000724c00000, 0x000000076d100000)
  object space 1533952K, 70% used [0x00000006c7200000,0x0000000708d754e8,0x0000000724c00000)
 Metaspace       used 379939K, capacity 411647K, committed 419328K, reserved 1431552K
  class space    used 25294K, capacity 29997K, committed 36608K, reserved 1048576K
Event: 3792,052 GC heap after
Heap after GC invocations=160 (full 8):
 PSYoungGen      total 1177600K, used 118337K [0x000000076d100000, 0x00000007c0000000, 0x00000007c0000000)
  eden space 1014784K, 0% used [0x000000076d100000,0x000000076d100000,0x00000007ab000000)
  from space 162816K, 72% used [0x00000007b5b80000,0x00000007bcf10558,0x00000007bfa80000)
  to   space 172032K, 0% used [0x00000007ab000000,0x00000007ab000000,0x00000007b5800000)
 ParOldGen       total 1533952K, used 1076701K [0x00000006c7200000, 0x0000000724c00000, 0x000000076d100000)
  object space 1533952K, 70% used [0x00000006c7200000,0x0000000708d774e8,0x0000000724c00000)
 Metaspace       used 379939K, capacity 411647K, committed 419328K, reserved 1431552K
  class space    used 25294K, capacity 29997K, committed 36608K, reserved 1048576K
}
Event: 3795,212 GC heap before
{Heap before GC invocations=161 (full 8):
 PSYoungGen      total 1177600K, used 1133121K [0x000000076d100000, 0x00000007c0000000, 0x00000007c0000000)
  eden space 1014784K, 100% used [0x000000076d100000,0x00000007ab000000,0x00000007ab000000)
  from space 162816K, 72% used [0x00000007b5b80000,0x00000007bcf10558,0x00000007bfa80000)
  to   space 172032K, 0% used [0x00000007ab000000,0x00000007ab000000,0x00000007b5800000)
 ParOldGen       total 1533952K, used 1076701K [0x00000006c7200000, 0x0000000724c00000, 0x000000076d100000)
  object space 1533952K, 70% used [0x00000006c7200000,0x0000000708d774e8,0x0000000724c00000)
 Metaspace       used 382544K, capacity 414271K, committed 421888K, reserved 1435648K
  class space    used 25349K, capacity 30061K, committed 36608K, reserved 1048576K
Event: 3795,336 GC heap after
Heap after GC invocations=161 (full 8):
 PSYoungGen      total 1143296K, used 128451K [0x000000076d100000, 0x00000007c0000000, 0x00000007c0000000)
  eden space 1014784K, 0% used [0x000000076d100000,0x000000076d100000,0x00000007ab000000)
  from space 128512K, 99% used [0x00000007ab000000,0x00000007b2d70c50,0x00000007b2d80000)
  to   space 182272K, 0% used [0x00000007b4e00000,0x00000007b4e00000,0x00000007c0000000)
 ParOldGen       total 1533952K, used 1076701K [0x00000006c7200000, 0x0000000724c00000, 0x000000076d100000)
  object space 1533952K, 70% used [0x00000006c7200000,0x0000000708d774e8,0x0000000724c00000)
 Metaspace       used 382544K, capacity 414271K, committed 421888K, reserved 1435648K
  class space    used 25349K, capacity 30061K, committed 36608K, reserved 1048576K
}
Event: 3798,200 GC heap before
{Heap before GC invocations=162 (full 8):
 PSYoungGen      total 1143296K, used 1143235K [0x000000076d100000, 0x00000007c0000000, 0x00000007c0000000)
  eden space 1014784K, 100% used [0x000000076d100000,0x00000007ab000000,0x00000007ab000000)
  from space 128512K, 99% used [0x00000007ab000000,0x00000007b2d70c50,0x00000007b2d80000)
  to   space 182272K, 0% used [0x00000007b4e00000,0x00000007b4e00000,0x00000007c0000000)
 ParOldGen       total 1533952K, used 1076701K [0x00000006c7200000, 0x0000000724c00000, 0x000000076d100000)
  object space 1533952K, 70% used [0x00000006c7200000,0x0000000708d774e8,0x0000000724c00000)
 Metaspace       used 384422K, capacity 416125K, committed 423680K, reserved 1435648K
  class space    used 25397K, capacity 30098K, committed 36608K, reserved 1048576K
Event: 3798,384 GC heap after
Heap after GC invocations=162 (full 8):
 PSYoungGen      total 1125376K, used 175982K [0x000000076d100000, 0x00000007c0000000, 0x00000007c0000000)
  eden space 943104K, 0% used [0x000000076d100000,0x000000076d100000,0x00000007a6a00000)
  from space 182272K, 96% used [0x00000007b4e00000,0x00000007bf9db928,0x00000007c0000000)
  to   space 207872K, 0% used [0x00000007a6a00000,0x00000007a6a00000,0x00000007b3500000)
 ParOldGen       total 1533952K, used 1076709K [0x00000006c7200000, 0x0000000724c00000, 0x000000076d100000)
  object space 1533952K, 70% used [0x00000006c7200000,0x0000000708d794e8,0x0000000724c00000)
 Metaspace       used 384422K, capacity 416125K, committed 423680K, reserved 1435648K
  class space    used 25397K, capacity 30098K, committed 36608K, reserved 1048576K
}
Event: 3801,420 GC heap before
{Heap before GC invocations=163 (full 8):
 PSYoungGen      total 1125376K, used 1119086K [0x000000076d100000, 0x00000007c0000000, 0x00000007c0000000)
  eden space 943104K, 100% used [0x000000076d100000,0x00000007a6a00000,0x00000007a6a00000)
  from space 182272K, 96% used [0x00000007b4e00000,0x00000007bf9db928,0x00000007c0000000)
  to   space 207872K, 0% used [0x00000007a6a00000,0x00000007a6a00000,0x00000007b3500000)
 ParOldGen       total 1533952K, used 1076709K [0x00000006c7200000, 0x0000000724c00000, 0x000000076d100000)
  object space 1533952K, 70% used [0x00000006c7200000,0x0000000708d794e8,0x0000000724c00000)
 Metaspace       used 386634K, capacity 418625K, committed 425984K, reserved 1439744K
  class space    used 25478K, capacity 30218K, committed 36608K, reserved 1048576K
Event: 3801,628 GC heap after
Heap after GC invocations=163 (full 8):
 PSYoungGen      total 1150976K, used 207866K [0x000000076d100000, 0x00000007c0000000, 0x00000007c0000000)
  eden space 943104K, 0% used [0x000000076d100000,0x000000076d100000,0x00000007a6a00000)
  from space 207872K, 99% used [0x00000007a6a00000,0x00000007b34fe920,0x00000007b3500000)
  to   space 207872K, 0% used [0x00000007b3500000,0x00000007b3500000,0x00000007c0000000)
 ParOldGen       total 1533952K, used 1130251K [0x00000006c7200000, 0x0000000724c00000, 0x000000076d100000)
  object space 1533952K, 73% used [0x00000006c7200000,0x000000070c1c2d70,0x0000000724c00000)
 Metaspace       used 386634K, capacity 418625K, committed 425984K, reserved 1439744K
  class space    used 25478K, capacity 30218K, committed 36608K, reserved 1048576K
}

